  main.c
C:\Users\dimak\Desktop\Kursovaya\tanchiki\main.c(145,23): warning C4244: =: преобразование "double" в "int", возможна потеря данных
C:\Users\dimak\Desktop\Kursovaya\tanchiki\main.c(230,23): warning C4244: =: преобразование "double" в "int", возможна потеря данных
C:\Users\dimak\Desktop\Kursovaya\tanchiki\main.c(422,15): warning C4305: функция: усечение из "double" в "GLfloat"
C:\Users\dimak\Desktop\Kursovaya\tanchiki\main.c(422,21): warning C4305: функция: усечение из "double" в "GLfloat"
C:\Users\dimak\Desktop\Kursovaya\tanchiki\main.c(422,27): warning C4305: функция: усечение из "double" в "GLfloat"
C:\Users\dimak\Desktop\Kursovaya\tanchiki\main.c(428,15): warning C4305: функция: усечение из "double" в "GLfloat"
C:\Users\dimak\Desktop\Kursovaya\tanchiki\main.c(428,21): warning C4305: функция: усечение из "double" в "GLfloat"
C:\Users\dimak\Desktop\Kursovaya\tanchiki\main.c(428,27): warning C4305: функция: усечение из "double" в "GLfloat"
C:\Users\dimak\Desktop\Kursovaya\tanchiki\main.c(475,15): warning C4305: функция: усечение из "double" в "GLfloat"
C:\Users\dimak\Desktop\Kursovaya\tanchiki\main.c(475,21): warning C4305: функция: усечение из "double" в "GLfloat"
C:\Users\dimak\Desktop\Kursovaya\tanchiki\main.c(475,27): warning C4305: функция: усечение из "double" в "GLfloat"
C:\Users\dimak\Desktop\Kursovaya\tanchiki\main.c(481,15): warning C4305: функция: усечение из "double" в "GLfloat"
C:\Users\dimak\Desktop\Kursovaya\tanchiki\main.c(481,21): warning C4305: функция: усечение из "double" в "GLfloat"
C:\Users\dimak\Desktop\Kursovaya\tanchiki\main.c(487,15): warning C4305: функция: усечение из "double" в "GLfloat"
C:\Users\dimak\Desktop\Kursovaya\tanchiki\main.c(487,21): warning C4305: функция: усечение из "double" в "GLfloat"
C:\Users\dimak\Desktop\Kursovaya\tanchiki\main.c(776,15): warning C4305: функция: усечение из "double" в "GLfloat"
C:\Users\dimak\Desktop\Kursovaya\tanchiki\main.c(776,21): warning C4305: функция: усечение из "double" в "GLfloat"
C:\Users\dimak\Desktop\Kursovaya\tanchiki\main.c(909,15): warning C4305: функция: усечение из "double" в "GLfloat"
C:\Users\dimak\Desktop\Kursovaya\tanchiki\main.c(909,21): warning C4305: функция: усечение из "double" в "GLfloat"
C:\Users\dimak\Desktop\Kursovaya\tanchiki\main.c(909,27): warning C4305: функция: усечение из "double" в "GLfloat"
C:\Users\dimak\Desktop\Kursovaya\tanchiki\main.c(1040,15): warning C4305: функция: усечение из "double" в "GLfloat"
C:\Users\dimak\Desktop\Kursovaya\tanchiki\main.c(1040,21): warning C4305: функция: усечение из "double" в "GLfloat"
C:\Users\dimak\Desktop\Kursovaya\tanchiki\main.c(1040,27): warning C4305: функция: усечение из "double" в "GLfloat"
C:\Users\dimak\Desktop\Kursovaya\tanchiki\main.c(1171,15): warning C4305: функция: усечение из "double" в "GLfloat"
C:\Users\dimak\Desktop\Kursovaya\tanchiki\main.c(1171,21): warning C4305: функция: усечение из "double" в "GLfloat"
C:\Users\dimak\Desktop\Kursovaya\tanchiki\main.c(1171,27): warning C4305: функция: усечение из "double" в "GLfloat"
C:\Users\dimak\Desktop\Kursovaya\tanchiki\main.c(1302,15): warning C4305: функция: усечение из "double" в "GLfloat"
C:\Users\dimak\Desktop\Kursovaya\tanchiki\main.c(1302,21): warning C4305: функция: усечение из "double" в "GLfloat"
C:\Users\dimak\Desktop\Kursovaya\tanchiki\main.c(1302,27): warning C4305: функция: усечение из "double" в "GLfloat"
C:\Users\dimak\Desktop\Kursovaya\tanchiki\main.c(1788,31): warning C4244: функция: преобразование "double" в "GLfloat", возможна потеря данных
C:\Users\dimak\Desktop\Kursovaya\tanchiki\main.c(1788,61): warning C4244: функция: преобразование "double" в "GLfloat", возможна потеря данных
C:\Users\dimak\Desktop\Kursovaya\tanchiki\main.c(1786,51): warning C4244: инициализация: преобразование "double" в "float", возможна потеря данных
C:\Users\dimak\Desktop\Kursovaya\tanchiki\main.c(2137,50): warning C4244: функция: преобразование "double" в "GLfloat", возможна потеря данных
C:\Users\dimak\Desktop\Kursovaya\tanchiki\main.c(2137,75): warning C4244: функция: преобразование "int" в "GLfloat", возможна потеря данных
C:\Users\dimak\Desktop\Kursovaya\tanchiki\main.c(2138,50): warning C4244: функция: преобразование "double" в "GLfloat", возможна потеря данных
C:\Users\dimak\Desktop\Kursovaya\tanchiki\main.c(2138,75): warning C4244: функция: преобразование "int" в "GLfloat", возможна потеря данных
C:\Users\dimak\Desktop\Kursovaya\tanchiki\main.c(2140,50): warning C4244: функция: преобразование "double" в "GLfloat", возможна потеря данных
C:\Users\dimak\Desktop\Kursovaya\tanchiki\main.c(2140,79): warning C4244: функция: преобразование "int" в "GLfloat", возможна потеря данных
C:\Users\dimak\Desktop\Kursovaya\tanchiki\main.c(2141,50): warning C4244: функция: преобразование "double" в "GLfloat", возможна потеря данных
C:\Users\dimak\Desktop\Kursovaya\tanchiki\main.c(2141,79): warning C4244: функция: преобразование "int" в "GLfloat", возможна потеря данных
C:\Users\dimak\Desktop\Kursovaya\tanchiki\main.c(2143,46): warning C4244: функция: преобразование "int" в "GLfloat", возможна потеря данных
C:\Users\dimak\Desktop\Kursovaya\tanchiki\main.c(2143,73): warning C4244: функция: преобразование "double" в "GLfloat", возможна потеря данных
C:\Users\dimak\Desktop\Kursovaya\tanchiki\main.c(2144,46): warning C4244: функция: преобразование "int" в "GLfloat", возможна потеря данных
C:\Users\dimak\Desktop\Kursovaya\tanchiki\main.c(2144,73): warning C4244: функция: преобразование "double" в "GLfloat", возможна потеря данных
C:\Users\dimak\Desktop\Kursovaya\tanchiki\main.c(2167,46): warning C4244: функция: преобразование "int" в "GLfloat", возможна потеря данных
C:\Users\dimak\Desktop\Kursovaya\tanchiki\main.c(2167,73): warning C4244: функция: преобразование "double" в "GLfloat", возможна потеря данных
C:\Users\dimak\Desktop\Kursovaya\tanchiki\main.c(2168,46): warning C4244: функция: преобразование "int" в "GLfloat", возможна потеря данных
C:\Users\dimak\Desktop\Kursovaya\tanchiki\main.c(2168,73): warning C4244: функция: преобразование "double" в "GLfloat", возможна потеря данных
C:\Users\dimak\Desktop\Kursovaya\tanchiki\main.c(2170,50): warning C4244: функция: преобразование "int" в "GLfloat", возможна потеря данных
C:\Users\dimak\Desktop\Kursovaya\tanchiki\main.c(2170,77): warning C4244: функция: преобразование "double" в "GLfloat", возможна потеря данных
C:\Users\dimak\Desktop\Kursovaya\tanchiki\main.c(2171,50): warning C4244: функция: преобразование "int" в "GLfloat", возможна потеря данных
C:\Users\dimak\Desktop\Kursovaya\tanchiki\main.c(2171,77): warning C4244: функция: преобразование "double" в "GLfloat", возможна потеря данных
C:\Users\dimak\Desktop\Kursovaya\tanchiki\main.c(2173,50): warning C4244: функция: преобразование "double" в "GLfloat", возможна потеря данных
C:\Users\dimak\Desktop\Kursovaya\tanchiki\main.c(2173,75): warning C4244: функция: преобразование "int" в "GLfloat", возможна потеря данных
C:\Users\dimak\Desktop\Kursovaya\tanchiki\main.c(2174,50): warning C4244: функция: преобразование "double" в "GLfloat", возможна потеря данных
C:\Users\dimak\Desktop\Kursovaya\tanchiki\main.c(2174,75): warning C4244: функция: преобразование "int" в "GLfloat", возможна потеря данных
C:\Users\dimak\Desktop\Kursovaya\tanchiki\main.c(2198,46): warning C4244: функция: преобразование "int" в "GLfloat", возможна потеря данных
C:\Users\dimak\Desktop\Kursovaya\tanchiki\main.c(2198,73): warning C4244: функция: преобразование "double" в "GLfloat", возможна потеря данных
C:\Users\dimak\Desktop\Kursovaya\tanchiki\main.c(2199,46): warning C4244: функция: преобразование "int" в "GLfloat", возможна потеря данных
C:\Users\dimak\Desktop\Kursovaya\tanchiki\main.c(2199,73): warning C4244: функция: преобразование "double" в "GLfloat", возможна потеря данных
C:\Users\dimak\Desktop\Kursovaya\tanchiki\main.c(2201,50): warning C4244: функция: преобразование "int" в "GLfloat", возможна потеря данных
C:\Users\dimak\Desktop\Kursovaya\tanchiki\main.c(2201,77): warning C4244: функция: преобразование "double" в "GLfloat", возможна потеря данных
C:\Users\dimak\Desktop\Kursovaya\tanchiki\main.c(2202,50): warning C4244: функция: преобразование "int" в "GLfloat", возможна потеря данных
C:\Users\dimak\Desktop\Kursovaya\tanchiki\main.c(2202,77): warning C4244: функция: преобразование "double" в "GLfloat", возможна потеря данных
C:\Users\dimak\Desktop\Kursovaya\tanchiki\main.c(2204,50): warning C4244: функция: преобразование "double" в "GLfloat", возможна потеря данных
C:\Users\dimak\Desktop\Kursovaya\tanchiki\main.c(2204,75): warning C4244: функция: преобразование "int" в "GLfloat", возможна потеря данных
C:\Users\dimak\Desktop\Kursovaya\tanchiki\main.c(2205,50): warning C4244: функция: преобразование "double" в "GLfloat", возможна потеря данных
C:\Users\dimak\Desktop\Kursovaya\tanchiki\main.c(2205,75): warning C4244: функция: преобразование "int" в "GLfloat", возможна потеря данных
C:\Users\dimak\Desktop\Kursovaya\tanchiki\main.c(2270,31): warning C4244: функция: преобразование "double" в "GLfloat", возможна потеря данных
C:\Users\dimak\Desktop\Kursovaya\tanchiki\main.c(2270,61): warning C4244: функция: преобразование "double" в "GLfloat", возможна потеря данных
C:\Users\dimak\Desktop\Kursovaya\tanchiki\main.c(2268,51): warning C4244: инициализация: преобразование "double" в "float", возможна потеря данных
C:\Users\dimak\Desktop\Kursovaya\tanchiki\main.c(2368,50): warning C4244: функция: преобразование "double" в "GLfloat", возможна потеря данных
C:\Users\dimak\Desktop\Kursovaya\tanchiki\main.c(2368,75): warning C4244: функция: преобразование "int" в "GLfloat", возможна потеря данных
C:\Users\dimak\Desktop\Kursovaya\tanchiki\main.c(2369,50): warning C4244: функция: преобразование "double" в "GLfloat", возможна потеря данных
C:\Users\dimak\Desktop\Kursovaya\tanchiki\main.c(2369,75): warning C4244: функция: преобразование "int" в "GLfloat", возможна потеря данных
C:\Users\dimak\Desktop\Kursovaya\tanchiki\main.c(2371,50): warning C4244: функция: преобразование "double" в "GLfloat", возможна потеря данных
C:\Users\dimak\Desktop\Kursovaya\tanchiki\main.c(2371,79): warning C4244: функция: преобразование "int" в "GLfloat", возможна потеря данных
C:\Users\dimak\Desktop\Kursovaya\tanchiki\main.c(2372,50): warning C4244: функция: преобразование "double" в "GLfloat", возможна потеря данных
C:\Users\dimak\Desktop\Kursovaya\tanchiki\main.c(2372,79): warning C4244: функция: преобразование "int" в "GLfloat", возможна потеря данных
C:\Users\dimak\Desktop\Kursovaya\tanchiki\main.c(2374,46): warning C4244: функция: преобразование "int" в "GLfloat", возможна потеря данных
C:\Users\dimak\Desktop\Kursovaya\tanchiki\main.c(2374,73): warning C4244: функция: преобразование "double" в "GLfloat", возможна потеря данных
C:\Users\dimak\Desktop\Kursovaya\tanchiki\main.c(2375,46): warning C4244: функция: преобразование "int" в "GLfloat", возможна потеря данных
C:\Users\dimak\Desktop\Kursovaya\tanchiki\main.c(2375,73): warning C4244: функция: преобразование "double" в "GLfloat", возможна потеря данных
C:\Users\dimak\Desktop\Kursovaya\tanchiki\main.c(2401,50): warning C4244: функция: преобразование "double" в "GLfloat", возможна потеря данных
C:\Users\dimak\Desktop\Kursovaya\tanchiki\main.c(2401,75): warning C4244: функция: преобразование "int" в "GLfloat", возможна потеря данных
C:\Users\dimak\Desktop\Kursovaya\tanchiki\main.c(2402,50): warning C4244: функция: преобразование "double" в "GLfloat", возможна потеря данных
C:\Users\dimak\Desktop\Kursovaya\tanchiki\main.c(2402,75): warning C4244: функция: преобразование "int" в "GLfloat", возможна потеря данных
C:\Users\dimak\Desktop\Kursovaya\tanchiki\main.c(2404,50): warning C4244: функция: преобразование "double" в "GLfloat", возможна потеря данных
C:\Users\dimak\Desktop\Kursovaya\tanchiki\main.c(2404,79): warning C4244: функция: преобразование "int" в "GLfloat", возможна потеря данных
C:\Users\dimak\Desktop\Kursovaya\tanchiki\main.c(2405,50): warning C4244: функция: преобразование "double" в "GLfloat", возможна потеря данных
C:\Users\dimak\Desktop\Kursovaya\tanchiki\main.c(2405,79): warning C4244: функция: преобразование "int" в "GLfloat", возможна потеря данных
C:\Users\dimak\Desktop\Kursovaya\tanchiki\main.c(2407,46): warning C4244: функция: преобразование "int" в "GLfloat", возможна потеря данных
C:\Users\dimak\Desktop\Kursovaya\tanchiki\main.c(2407,73): warning C4244: функция: преобразование "double" в "GLfloat", возможна потеря данных
C:\Users\dimak\Desktop\Kursovaya\tanchiki\main.c(2408,46): warning C4244: функция: преобразование "int" в "GLfloat", возможна потеря данных
C:\Users\dimak\Desktop\Kursovaya\tanchiki\main.c(2408,73): warning C4244: функция: преобразование "double" в "GLfloat", возможна потеря данных
C:\Users\dimak\Desktop\Kursovaya\tanchiki\main.c(2431,46): warning C4244: функция: преобразование "int" в "GLfloat", возможна потеря данных
C:\Users\dimak\Desktop\Kursovaya\tanchiki\main.c(2431,73): warning C4244: функция: преобразование "double" в "GLfloat", возможна потеря данных
C:\Users\dimak\Desktop\Kursovaya\tanchiki\main.c(2432,46): warning C4244: функция: преобразование "int" в "GLfloat", возможна потеря данных
C:\Users\dimak\Desktop\Kursovaya\tanchiki\main.c(2432,73): warning C4244: функция: преобразование "double" в "GLfloat", возможна потеря данных
C:\Users\dimak\Desktop\Kursovaya\tanchiki\main.c(2434,50): warning C4244: функция: преобразование "int" в "GLfloat", возможна потеря данных
C:\Users\dimak\Desktop\Kursovaya\tanchiki\main.c(2434,77): warning C4244: функция: преобразование "double" в "GLfloat", возможна потеря данных
C:\Users\dimak\Desktop\Kursovaya\tanchiki\main.c(2435,50): warning C4244: функция: преобразование "int" в "GLfloat", возможна потеря данных
C:\Users\dimak\Desktop\Kursovaya\tanchiki\main.c(2435,77): warning C4244: функция: преобразование "double" в "GLfloat", возможна потеря данных
C:\Users\dimak\Desktop\Kursovaya\tanchiki\main.c(2437,50): warning C4244: функция: преобразование "double" в "GLfloat", возможна потеря данных
C:\Users\dimak\Desktop\Kursovaya\tanchiki\main.c(2437,75): warning C4244: функция: преобразование "int" в "GLfloat", возможна потеря данных
C:\Users\dimak\Desktop\Kursovaya\tanchiki\main.c(2438,50): warning C4244: функция: преобразование "double" в "GLfloat", возможна потеря данных
C:\Users\dimak\Desktop\Kursovaya\tanchiki\main.c(2438,75): warning C4244: функция: преобразование "int" в "GLfloat", возможна потеря данных
C:\Users\dimak\Desktop\Kursovaya\tanchiki\main.c(2462,46): warning C4244: функция: преобразование "int" в "GLfloat", возможна потеря данных
C:\Users\dimak\Desktop\Kursovaya\tanchiki\main.c(2462,73): warning C4244: функция: преобразование "double" в "GLfloat", возможна потеря данных
C:\Users\dimak\Desktop\Kursovaya\tanchiki\main.c(2463,46): warning C4244: функция: преобразование "int" в "GLfloat", возможна потеря данных
C:\Users\dimak\Desktop\Kursovaya\tanchiki\main.c(2463,73): warning C4244: функция: преобразование "double" в "GLfloat", возможна потеря данных
C:\Users\dimak\Desktop\Kursovaya\tanchiki\main.c(2465,50): warning C4244: функция: преобразование "int" в "GLfloat", возможна потеря данных
C:\Users\dimak\Desktop\Kursovaya\tanchiki\main.c(2465,77): warning C4244: функция: преобразование "double" в "GLfloat", возможна потеря данных
C:\Users\dimak\Desktop\Kursovaya\tanchiki\main.c(2466,50): warning C4244: функция: преобразование "int" в "GLfloat", возможна потеря данных
C:\Users\dimak\Desktop\Kursovaya\tanchiki\main.c(2466,77): warning C4244: функция: преобразование "double" в "GLfloat", возможна потеря данных
C:\Users\dimak\Desktop\Kursovaya\tanchiki\main.c(2468,50): warning C4244: функция: преобразование "double" в "GLfloat", возможна потеря данных
C:\Users\dimak\Desktop\Kursovaya\tanchiki\main.c(2468,75): warning C4244: функция: преобразование "int" в "GLfloat", возможна потеря данных
C:\Users\dimak\Desktop\Kursovaya\tanchiki\main.c(2469,50): warning C4244: функция: преобразование "double" в "GLfloat", возможна потеря данных
C:\Users\dimak\Desktop\Kursovaya\tanchiki\main.c(2469,75): warning C4244: функция: преобразование "int" в "GLfloat", возможна потеря данных
C:\Users\dimak\Desktop\Kursovaya\tanchiki\main.c(2534,31): warning C4244: функция: преобразование "double" в "GLfloat", возможна потеря данных
C:\Users\dimak\Desktop\Kursovaya\tanchiki\main.c(2534,61): warning C4244: функция: преобразование "double" в "GLfloat", возможна потеря данных
C:\Users\dimak\Desktop\Kursovaya\tanchiki\main.c(2532,51): warning C4244: инициализация: преобразование "double" в "float", возможна потеря данных
C:\Users\dimak\Desktop\Kursovaya\tanchiki\main.c(2798,31): warning C4244: функция: преобразование "double" в "GLfloat", возможна потеря данных
C:\Users\dimak\Desktop\Kursovaya\tanchiki\main.c(2798,61): warning C4244: функция: преобразование "double" в "GLfloat", возможна потеря данных
C:\Users\dimak\Desktop\Kursovaya\tanchiki\main.c(2796,51): warning C4244: инициализация: преобразование "double" в "float", возможна потеря данных
C:\Users\dimak\Desktop\Kursovaya\tanchiki\main.c(2892,50): warning C4244: функция: преобразование "double" в "GLfloat", возможна потеря данных
C:\Users\dimak\Desktop\Kursovaya\tanchiki\main.c(2892,75): warning C4244: функция: преобразование "int" в "GLfloat", возможна потеря данных
C:\Users\dimak\Desktop\Kursovaya\tanchiki\main.c(2893,50): warning C4244: функция: преобразование "double" в "GLfloat", возможна потеря данных
C:\Users\dimak\Desktop\Kursovaya\tanchiki\main.c(2893,75): warning C4244: функция: преобразование "int" в "GLfloat", возможна потеря данных
C:\Users\dimak\Desktop\Kursovaya\tanchiki\main.c(2895,50): warning C4244: функция: преобразование "double" в "GLfloat", возможна потеря данных
C:\Users\dimak\Desktop\Kursovaya\tanchiki\main.c(2895,79): warning C4244: функция: преобразование "int" в "GLfloat", возможна потеря данных
C:\Users\dimak\Desktop\Kursovaya\tanchiki\main.c(2896,50): warning C4244: функция: преобразование "double" в "GLfloat", возможна потеря данных
C:\Users\dimak\Desktop\Kursovaya\tanchiki\main.c(2896,79): warning C4244: функция: преобразование "int" в "GLfloat", возможна потеря данных
C:\Users\dimak\Desktop\Kursovaya\tanchiki\main.c(2898,46): warning C4244: функция: преобразование "int" в "GLfloat", возможна потеря данных
C:\Users\dimak\Desktop\Kursovaya\tanchiki\main.c(2898,73): warning C4244: функция: преобразование "double" в "GLfloat", возможна потеря данных
C:\Users\dimak\Desktop\Kursovaya\tanchiki\main.c(2899,46): warning C4244: функция: преобразование "int" в "GLfloat", возможна потеря данных
C:\Users\dimak\Desktop\Kursovaya\tanchiki\main.c(2899,73): warning C4244: функция: преобразование "double" в "GLfloat", возможна потеря данных
C:\Users\dimak\Desktop\Kursovaya\tanchiki\main.c(2925,50): warning C4244: функция: преобразование "double" в "GLfloat", возможна потеря данных
C:\Users\dimak\Desktop\Kursovaya\tanchiki\main.c(2925,75): warning C4244: функция: преобразование "int" в "GLfloat", возможна потеря данных
C:\Users\dimak\Desktop\Kursovaya\tanchiki\main.c(2926,50): warning C4244: функция: преобразование "double" в "GLfloat", возможна потеря данных
C:\Users\dimak\Desktop\Kursovaya\tanchiki\main.c(2926,75): warning C4244: функция: преобразование "int" в "GLfloat", возможна потеря данных
C:\Users\dimak\Desktop\Kursovaya\tanchiki\main.c(2928,50): warning C4244: функция: преобразование "double" в "GLfloat", возможна потеря данных
C:\Users\dimak\Desktop\Kursovaya\tanchiki\main.c(2928,79): warning C4244: функция: преобразование "int" в "GLfloat", возможна потеря данных
C:\Users\dimak\Desktop\Kursovaya\tanchiki\main.c(2929,50): warning C4244: функция: преобразование "double" в "GLfloat", возможна потеря данных
C:\Users\dimak\Desktop\Kursovaya\tanchiki\main.c(2929,79): warning C4244: функция: преобразование "int" в "GLfloat", возможна потеря данных
C:\Users\dimak\Desktop\Kursovaya\tanchiki\main.c(2931,46): warning C4244: функция: преобразование "int" в "GLfloat", возможна потеря данных
C:\Users\dimak\Desktop\Kursovaya\tanchiki\main.c(2931,73): warning C4244: функция: преобразование "double" в "GLfloat", возможна потеря данных
C:\Users\dimak\Desktop\Kursovaya\tanchiki\main.c(2932,46): warning C4244: функция: преобразование "int" в "GLfloat", возможна потеря данных
C:\Users\dimak\Desktop\Kursovaya\tanchiki\main.c(2932,73): warning C4244: функция: преобразование "double" в "GLfloat", возможна потеря данных
C:\Users\dimak\Desktop\Kursovaya\tanchiki\main.c(2955,46): warning C4244: функция: преобразование "int" в "GLfloat", возможна потеря данных
C:\Users\dimak\Desktop\Kursovaya\tanchiki\main.c(2955,73): warning C4244: функция: преобразование "double" в "GLfloat", возможна потеря данных
C:\Users\dimak\Desktop\Kursovaya\tanchiki\main.c(2956,46): warning C4244: функция: преобразование "int" в "GLfloat", возможна потеря данных
C:\Users\dimak\Desktop\Kursovaya\tanchiki\main.c(2956,73): warning C4244: функция: преобразование "double" в "GLfloat", возможна потеря данных
C:\Users\dimak\Desktop\Kursovaya\tanchiki\main.c(2958,50): warning C4244: функция: преобразование "int" в "GLfloat", возможна потеря данных
C:\Users\dimak\Desktop\Kursovaya\tanchiki\main.c(2958,77): warning C4244: функция: преобразование "double" в "GLfloat", возможна потеря данных
C:\Users\dimak\Desktop\Kursovaya\tanchiki\main.c(2959,50): warning C4244: функция: преобразование "int" в "GLfloat", возможна потеря данных
C:\Users\dimak\Desktop\Kursovaya\tanchiki\main.c(2959,77): warning C4244: функция: преобразование "double" в "GLfloat", возможна потеря данных
C:\Users\dimak\Desktop\Kursovaya\tanchiki\main.c(2961,50): warning C4244: функция: преобразование "double" в "GLfloat", возможна потеря данных
C:\Users\dimak\Desktop\Kursovaya\tanchiki\main.c(2961,75): warning C4244: функция: преобразование "int" в "GLfloat", возможна потеря данных
C:\Users\dimak\Desktop\Kursovaya\tanchiki\main.c(2962,50): warning C4244: функция: преобразование "double" в "GLfloat", возможна потеря данных
C:\Users\dimak\Desktop\Kursovaya\tanchiki\main.c(2962,75): warning C4244: функция: преобразование "int" в "GLfloat", возможна потеря данных
C:\Users\dimak\Desktop\Kursovaya\tanchiki\main.c(2986,46): warning C4244: функция: преобразование "int" в "GLfloat", возможна потеря данных
C:\Users\dimak\Desktop\Kursovaya\tanchiki\main.c(2986,73): warning C4244: функция: преобразование "double" в "GLfloat", возможна потеря данных
C:\Users\dimak\Desktop\Kursovaya\tanchiki\main.c(2987,46): warning C4244: функция: преобразование "int" в "GLfloat", возможна потеря данных
C:\Users\dimak\Desktop\Kursovaya\tanchiki\main.c(2987,73): warning C4244: функция: преобразование "double" в "GLfloat", возможна потеря данных
C:\Users\dimak\Desktop\Kursovaya\tanchiki\main.c(2989,50): warning C4244: функция: преобразование "int" в "GLfloat", возможна потеря данных
C:\Users\dimak\Desktop\Kursovaya\tanchiki\main.c(2989,77): warning C4244: функция: преобразование "double" в "GLfloat", возможна потеря данных
C:\Users\dimak\Desktop\Kursovaya\tanchiki\main.c(2990,50): warning C4244: функция: преобразование "int" в "GLfloat", возможна потеря данных
C:\Users\dimak\Desktop\Kursovaya\tanchiki\main.c(2990,77): warning C4244: функция: преобразование "double" в "GLfloat", возможна потеря данных
C:\Users\dimak\Desktop\Kursovaya\tanchiki\main.c(2992,50): warning C4244: функция: преобразование "double" в "GLfloat", возможна потеря данных
C:\Users\dimak\Desktop\Kursovaya\tanchiki\main.c(2992,75): warning C4244: функция: преобразование "int" в "GLfloat", возможна потеря данных
C:\Users\dimak\Desktop\Kursovaya\tanchiki\main.c(2993,50): warning C4244: функция: преобразование "double" в "GLfloat", возможна потеря данных
C:\Users\dimak\Desktop\Kursovaya\tanchiki\main.c(2993,75): warning C4244: функция: преобразование "int" в "GLfloat", возможна потеря данных
C:\Users\dimak\Desktop\Kursovaya\tanchiki\main.c(3058,31): warning C4244: функция: преобразование "double" в "GLfloat", возможна потеря данных
C:\Users\dimak\Desktop\Kursovaya\tanchiki\main.c(3058,61): warning C4244: функция: преобразование "double" в "GLfloat", возможна потеря данных
C:\Users\dimak\Desktop\Kursovaya\tanchiki\main.c(3056,51): warning C4244: инициализация: преобразование "double" в "float", возможна потеря данных
C:\Users\dimak\Desktop\Kursovaya\tanchiki\main.c(3141,14): warning C4305: функция: усечение из "double" в "GLfloat"
C:\Users\dimak\Desktop\Kursovaya\tanchiki\main.c(3141,19): warning C4305: функция: усечение из "double" в "GLfloat"
C:\Users\dimak\Desktop\Kursovaya\tanchiki\main.c(3141,24): warning C4305: функция: усечение из "double" в "GLfloat"
C:\Users\dimak\Desktop\Kursovaya\tanchiki\main.c(3145,15): warning C4267: инициализация: преобразование из "size_t" в "int"; возможна потеря данных
C:\Users\dimak\Desktop\Kursovaya\tanchiki\main.c(3166,14): warning C4305: функция: усечение из "double" в "GLfloat"
C:\Users\dimak\Desktop\Kursovaya\tanchiki\main.c(3166,19): warning C4305: функция: усечение из "double" в "GLfloat"
C:\Users\dimak\Desktop\Kursovaya\tanchiki\main.c(3166,24): warning C4305: функция: усечение из "double" в "GLfloat"
C:\Users\dimak\Desktop\Kursovaya\tanchiki\main.c(3170,15): warning C4267: инициализация: преобразование из "size_t" в "int"; возможна потеря данных
C:\Users\dimak\Desktop\Kursovaya\tanchiki\main.c(3187,18): warning C4244: функция: преобразование "int" в "GLfloat", возможна потеря данных
C:\Users\dimak\Desktop\Kursovaya\tanchiki\main.c(3187,21): warning C4244: функция: преобразование "int" в "GLfloat", возможна потеря данных
C:\Users\dimak\Desktop\Kursovaya\tanchiki\main.c(3188,14): warning C4305: функция: усечение из "double" в "GLfloat"
C:\Users\dimak\Desktop\Kursovaya\tanchiki\main.c(3188,19): warning C4305: функция: усечение из "double" в "GLfloat"
C:\Users\dimak\Desktop\Kursovaya\tanchiki\main.c(3188,24): warning C4305: функция: усечение из "double" в "GLfloat"
C:\Users\dimak\Desktop\Kursovaya\tanchiki\main.c(3189,15): warning C4267: инициализация: преобразование из "size_t" в "int"; возможна потеря данных
C:\Users\dimak\Desktop\Kursovaya\tanchiki\main.c(3235,22): warning C4305: функция: усечение из "double" в "GLclampf"
C:\Users\dimak\Desktop\Kursovaya\tanchiki\main.c(3235,27): warning C4305: функция: усечение из "double" в "GLclampf"
C:\Users\dimak\Desktop\Kursovaya\tanchiki\main.c(3235,32): warning C4305: функция: усечение из "double" в "GLclampf"
C:\Users\dimak\Desktop\Kursovaya\tanchiki\main.c(3261,31): warning C4305: функция: усечение из "double" в "GLclampf"
C:\Users\dimak\Desktop\Kursovaya\tanchiki\main.c(3261,36): warning C4305: функция: усечение из "double" в "GLclampf"
C:\Users\dimak\Desktop\Kursovaya\tanchiki\main.c(3268,22): warning C4305: функция: усечение из "double" в "GLclampf"
C:\Users\dimak\Desktop\Kursovaya\tanchiki\main.c(3268,27): warning C4305: функция: усечение из "double" в "GLclampf"
C:\Users\dimak\Desktop\Kursovaya\tanchiki\main.c(3268,32): warning C4305: функция: усечение из "double" в "GLclampf"
C:\Users\dimak\Desktop\Kursovaya\tanchiki\main.c(3302,31): warning C4305: функция: усечение из "double" в "GLclampf"
C:\Users\dimak\Desktop\Kursovaya\tanchiki\main.c(3302,36): warning C4305: функция: усечение из "double" в "GLclampf"
C:\Users\dimak\Desktop\Kursovaya\tanchiki\main.c(3309,22): warning C4305: функция: усечение из "double" в "GLclampf"
C:\Users\dimak\Desktop\Kursovaya\tanchiki\main.c(3309,27): warning C4305: функция: усечение из "double" в "GLclampf"
C:\Users\dimak\Desktop\Kursovaya\tanchiki\main.c(3309,32): warning C4305: функция: усечение из "double" в "GLclampf"
C:\Users\dimak\Desktop\Kursovaya\tanchiki\main.c(3350,31): warning C4305: функция: усечение из "double" в "GLclampf"
C:\Users\dimak\Desktop\Kursovaya\tanchiki\main.c(3350,36): warning C4305: функция: усечение из "double" в "GLclampf"
C:\Users\dimak\Desktop\Kursovaya\tanchiki\main.c(3518,11): warning C4244: функция: преобразование "time_t" в "unsigned int", возможна потеря данных
C:\Users\dimak\Desktop\Kursovaya\tanchiki\main.c(3528,18): warning C4305: функция: усечение из "double" в "GLclampf"
C:\Users\dimak\Desktop\Kursovaya\tanchiki\main.c(3528,23): warning C4305: функция: усечение из "double" в "GLclampf"
C:\Users\dimak\Desktop\Kursovaya\tanchiki\main.c(3528,28): warning C4305: функция: усечение из "double" в "GLclampf"
C:\Users\dimak\Desktop\Kursovaya\tanchiki\main.c(3538,21): warning C4113: "void (__cdecl *)()" отличается в списках параметров от "void (__cdecl *)(void)"
C:\Users\dimak\Desktop\Kursovaya\tanchiki\main.c(1851,1): warning C4715: Bullet_MovingHorizontal: значение возвращается не при всех путях выполнения
C:\Users\dimak\Desktop\Kursovaya\tanchiki\main.c(1826,1): warning C4715: Bullet_MovingVertical: значение возвращается не при всех путях выполнения
C:\Users\dimak\Desktop\Kursovaya\tanchiki\main.c(1877,1): warning C4715: EnemyBullet_MovingVertical: значение возвращается не при всех путях выполнения
C:\Users\dimak\Desktop\Kursovaya\tanchiki\main.c(1903,1): warning C4715: EnemyBullet_MovingHorizontal: значение возвращается не при всех путях выполнения
  tanchiki.vcxproj -> C:\Users\dimak\Desktop\Kursovaya\tanchiki\x64\Debug\tanchiki.exe
  "pwsh.exe" не является внутренней или внешней
  командой, исполняемой программой или пакетным файлом.
